<?xml version="1.0" encoding="UTF-8"?>
<coverage generated="1637810817042" clover="3.2.0">
  <project timestamp="1637810817042" name="All files">
    <metrics statements="29" coveredstatements="28" conditionals="28" coveredconditionals="27" methods="7" coveredmethods="7" elements="64" coveredelements="62" complexity="0" loc="29" ncloc="29" packages="2" files="2" classes="2"/>
    <package name="Unit Testing">
      <metrics statements="14" coveredstatements="14" conditionals="18" coveredconditionals="18" methods="4" coveredmethods="4"/>
      <file name="calc.js" path="/Users/laura.ramos/Desktop/Cursos/DH-CertifiedTechDeveloper/Testing/Unit Testing/calc.js">
        <metrics statements="14" coveredstatements="14" conditionals="18" coveredconditionals="18" methods="4" coveredmethods="4"/>
        <line num="1" count="1" type="stmt"/>
        <line num="2" count="6" type="cond" truecount="4" falsecount="0"/>
        <line num="5" count="1" type="stmt"/>
        <line num="6" count="1" type="stmt"/>
        <line num="8" count="1" type="stmt"/>
        <line num="9" count="5" type="cond" truecount="4" falsecount="0"/>
        <line num="12" count="1" type="stmt"/>
        <line num="13" count="5" type="cond" truecount="4" falsecount="0"/>
        <line num="16" count="1" type="stmt"/>
        <line num="17" count="5" type="cond" truecount="2" falsecount="0"/>
        <line num="18" count="3" type="cond" truecount="4" falsecount="0"/>
        <line num="21" count="1" type="stmt"/>
        <line num="22" count="1" type="stmt"/>
        <line num="24" count="1" type="stmt"/>
      </file>
    </package>
    <package name="Unit Testing.programa_listas_con_error.programa-listas en javascript.zip (Unzipped Files).programa-listas en javascript">
      <metrics statements="15" coveredstatements="14" conditionals="10" coveredconditionals="9" methods="3" coveredmethods="3"/>
      <file name="util.js" path="/Users/laura.ramos/Desktop/Cursos/DH-CertifiedTechDeveloper/Testing/Unit Testing/programa_listas_con_error/programa-listas en javascript.zip (Unzipped Files)/programa-listas en javascript/util.js">
        <metrics statements="15" coveredstatements="14" conditionals="10" coveredconditionals="9" methods="3" coveredmethods="3"/>
        <line num="1" count="1" type="stmt"/>
        <line num="3" count="3" type="stmt"/>
        <line num="6" count="1" type="stmt"/>
        <line num="8" count="1" type="stmt"/>
        <line num="9" count="1" type="stmt"/>
        <line num="10" count="1" type="stmt"/>
        <line num="11" count="1" type="stmt"/>
        <line num="14" count="1" type="stmt"/>
        <line num="16" count="4" type="cond" truecount="2" falsecount="0"/>
        <line num="17" count="1" type="stmt"/>
        <line num="19" count="3" type="cond" truecount="4" falsecount="0"/>
        <line num="20" count="1" type="stmt"/>
        <line num="22" count="2" type="cond" truecount="3" falsecount="1"/>
        <line num="23" count="0" type="stmt"/>
        <line num="25" count="2" type="stmt"/>
      </file>
    </package>
  </project>
</coverage>
