{"/Users/laura.ramos/Desktop/Cursos/DH-CertifiedTechDeveloper/Testing/Unit Testing/calc.js": {"path":"/Users/laura.ramos/Desktop/Cursos/DH-CertifiedTechDeveloper/Testing/Unit Testing/calc.js","statementMap":{"0":{"start":{"line":1,"column":13},"end":{"line":3,"column":1}},"1":{"start":{"line":2,"column":2},"end":{"line":2,"column":41}},"2":{"start":{"line":5,"column":0},"end":{"line":5,"column":75}},"3":{"start":{"line":6,"column":0},"end":{"line":6,"column":75}},"4":{"start":{"line":8,"column":14},"end":{"line":10,"column":1}},"5":{"start":{"line":9,"column":2},"end":{"line":9,"column":41}},"6":{"start":{"line":12,"column":23},"end":{"line":14,"column":1}},"7":{"start":{"line":13,"column":2},"end":{"line":13,"column":41}},"8":{"start":{"line":16,"column":17},"end":{"line":19,"column":1}},"9":{"start":{"line":17,"column":2},"end":{"line":17,"column":50}},"10":{"start":{"line":17,"column":10},"end":{"line":17,"column":50}},"11":{"start":{"line":18,"column":2},"end":{"line":18,"column":41}},"12":{"start":{"line":21,"column":0},"end":{"line":21,"column":27}},"13":{"start":{"line":22,"column":0},"end":{"line":22,"column":18}},"14":{"start":{"line":24,"column":0},"end":{"line":24,"column":58}}},"fnMap":{"0":{"name":"(anonymous_0)","decl":{"start":{"line":1,"column":13},"end":{"line":1,"column":14}},"loc":{"start":{"line":1,"column":23},"end":{"line":3,"column":1}},"line":1},"1":{"name":"(anonymous_1)","decl":{"start":{"line":8,"column":14},"end":{"line":8,"column":15}},"loc":{"start":{"line":8,"column":24},"end":{"line":10,"column":1}},"line":8},"2":{"name":"(anonymous_2)","decl":{"start":{"line":12,"column":23},"end":{"line":12,"column":24}},"loc":{"start":{"line":12,"column":33},"end":{"line":14,"column":1}},"line":12},"3":{"name":"(anonymous_3)","decl":{"start":{"line":16,"column":17},"end":{"line":16,"column":18}},"loc":{"start":{"line":16,"column":27},"end":{"line":19,"column":1}},"line":16}},"branchMap":{"0":{"loc":{"start":{"line":2,"column":9},"end":{"line":2,"column":41}},"type":"cond-expr","locations":[{"start":{"line":2,"column":32},"end":{"line":2,"column":33}},{"start":{"line":2,"column":36},"end":{"line":2,"column":41}}],"line":2},"1":{"loc":{"start":{"line":2,"column":9},"end":{"line":2,"column":29}},"type":"binary-expr","locations":[{"start":{"line":2,"column":9},"end":{"line":2,"column":17}},{"start":{"line":2,"column":21},"end":{"line":2,"column":29}}],"line":2},"2":{"loc":{"start":{"line":9,"column":9},"end":{"line":9,"column":41}},"type":"cond-expr","locations":[{"start":{"line":9,"column":32},"end":{"line":9,"column":33}},{"start":{"line":9,"column":36},"end":{"line":9,"column":41}}],"line":9},"3":{"loc":{"start":{"line":9,"column":9},"end":{"line":9,"column":29}},"type":"binary-expr","locations":[{"start":{"line":9,"column":9},"end":{"line":9,"column":17}},{"start":{"line":9,"column":21},"end":{"line":9,"column":29}}],"line":9},"4":{"loc":{"start":{"line":13,"column":9},"end":{"line":13,"column":41}},"type":"cond-expr","locations":[{"start":{"line":13,"column":32},"end":{"line":13,"column":33}},{"start":{"line":13,"column":36},"end":{"line":13,"column":41}}],"line":13},"5":{"loc":{"start":{"line":13,"column":9},"end":{"line":13,"column":29}},"type":"binary-expr","locations":[{"start":{"line":13,"column":9},"end":{"line":13,"column":17}},{"start":{"line":13,"column":21},"end":{"line":13,"column":29}}],"line":13},"6":{"loc":{"start":{"line":17,"column":2},"end":{"line":17,"column":50}},"type":"if","locations":[{"start":{"line":17,"column":2},"end":{"line":17,"column":50}},{"start":{},"end":{}}],"line":17},"7":{"loc":{"start":{"line":18,"column":9},"end":{"line":18,"column":41}},"type":"cond-expr","locations":[{"start":{"line":18,"column":32},"end":{"line":18,"column":33}},{"start":{"line":18,"column":36},"end":{"line":18,"column":41}}],"line":18},"8":{"loc":{"start":{"line":18,"column":9},"end":{"line":18,"column":29}},"type":"binary-expr","locations":[{"start":{"line":18,"column":9},"end":{"line":18,"column":17}},{"start":{"line":18,"column":21},"end":{"line":18,"column":29}}],"line":18}},"s":{"0":1,"1":6,"2":1,"3":1,"4":1,"5":5,"6":1,"7":5,"8":1,"9":5,"10":2,"11":3,"12":1,"13":1,"14":1},"f":{"0":6,"1":5,"2":5,"3":5},"b":{"0":[1,5],"1":[6,5],"2":[1,4],"3":[5,4],"4":[1,4],"5":[5,4],"6":[2,3],"7":[1,2],"8":[3,2]},"_coverageSchema":"1a1c01bbd47fc00a2c39e90264f33305004495a9","hash":"ada65087348776d98a2d4d2bac60d42652a28b54"}
,"/Users/laura.ramos/Desktop/Cursos/DH-CertifiedTechDeveloper/Testing/Unit Testing/programa_listas_con_error/programa-listas en javascript.zip (Unzipped Files)/programa-listas en javascript/util.js": {"path":"/Users/laura.ramos/Desktop/Cursos/DH-CertifiedTechDeveloper/Testing/Unit Testing/programa_listas_con_error/programa-listas en javascript.zip (Unzipped Files)/programa-listas en javascript/util.js","statementMap":{"0":{"start":{"line":1,"column":0},"end":{"line":4,"column":1}},"1":{"start":{"line":3,"column":2},"end":{"line":3,"column":37}},"2":{"start":{"line":6,"column":0},"end":{"line":12,"column":1}},"3":{"start":{"line":8,"column":21},"end":{"line":8,"column":49}},"4":{"start":{"line":9,"column":2},"end":{"line":9,"column":37}},"5":{"start":{"line":10,"column":2},"end":{"line":10,"column":31}},"6":{"start":{"line":11,"column":2},"end":{"line":11,"column":19}},"7":{"start":{"line":14,"column":0},"end":{"line":26,"column":1}},"8":{"start":{"line":16,"column":2},"end":{"line":18,"column":3}},"9":{"start":{"line":17,"column":4},"end":{"line":17,"column":16}},"10":{"start":{"line":19,"column":2},"end":{"line":21,"column":3}},"11":{"start":{"line":20,"column":4},"end":{"line":20,"column":16}},"12":{"start":{"line":22,"column":2},"end":{"line":24,"column":3}},"13":{"start":{"line":23,"column":4},"end":{"line":23,"column":16}},"14":{"start":{"line":25,"column":2},"end":{"line":25,"column":13}}},"fnMap":{"0":{"name":"(anonymous_0)","decl":{"start":{"line":1,"column":23},"end":{"line":1,"column":24}},"loc":{"start":{"line":1,"column":38},"end":{"line":4,"column":1}},"line":1},"1":{"name":"(anonymous_1)","decl":{"start":{"line":6,"column":24},"end":{"line":6,"column":25}},"loc":{"start":{"line":6,"column":51},"end":{"line":12,"column":1}},"line":6},"2":{"name":"(anonymous_2)","decl":{"start":{"line":14,"column":24},"end":{"line":14,"column":25}},"loc":{"start":{"line":14,"column":54},"end":{"line":26,"column":1}},"line":14}},"branchMap":{"0":{"loc":{"start":{"line":16,"column":2},"end":{"line":18,"column":3}},"type":"if","locations":[{"start":{"line":16,"column":2},"end":{"line":18,"column":3}},{"start":{},"end":{}}],"line":16},"1":{"loc":{"start":{"line":19,"column":2},"end":{"line":21,"column":3}},"type":"if","locations":[{"start":{"line":19,"column":2},"end":{"line":21,"column":3}},{"start":{},"end":{}}],"line":19},"2":{"loc":{"start":{"line":19,"column":6},"end":{"line":19,"column":42}},"type":"binary-expr","locations":[{"start":{"line":19,"column":6},"end":{"line":19,"column":14}},{"start":{"line":19,"column":18},"end":{"line":19,"column":42}}],"line":19},"3":{"loc":{"start":{"line":22,"column":2},"end":{"line":24,"column":3}},"type":"if","locations":[{"start":{"line":22,"column":2},"end":{"line":24,"column":3}},{"start":{},"end":{}}],"line":22},"4":{"loc":{"start":{"line":22,"column":6},"end":{"line":22,"column":31}},"type":"binary-expr","locations":[{"start":{"line":22,"column":6},"end":{"line":22,"column":14}},{"start":{"line":22,"column":18},"end":{"line":22,"column":31}}],"line":22}},"s":{"0":1,"1":3,"2":1,"3":1,"4":1,"5":1,"6":1,"7":1,"8":4,"9":1,"10":3,"11":1,"12":2,"13":0,"14":2},"f":{"0":3,"1":1,"2":4},"b":{"0":[1,3],"1":[1,2],"2":[3,2],"3":[0,2],"4":[2,1]},"_coverageSchema":"1a1c01bbd47fc00a2c39e90264f33305004495a9","hash":"7c1347a9fc1b0f09c5d2dad441d35219eec3b6bd"}
}
