TN:
SF:calc.js
FN:1,(anonymous_0)
FN:8,(anonymous_1)
FN:12,(anonymous_2)
FN:16,(anonymous_3)
FNF:4
FNH:4
FNDA:6,(anonymous_0)
FNDA:5,(anonymous_1)
FNDA:5,(anonymous_2)
FNDA:5,(anonymous_3)
DA:1,1
DA:2,6
DA:5,1
DA:6,1
DA:8,1
DA:9,5
DA:12,1
DA:13,5
DA:16,1
DA:17,5
DA:18,3
DA:21,1
DA:22,1
DA:24,1
LF:14
LH:14
BRDA:2,0,0,1
BRDA:2,0,1,5
BRDA:2,1,0,6
BRDA:2,1,1,5
BRDA:9,2,0,1
BRDA:9,2,1,4
BRDA:9,3,0,5
BRDA:9,3,1,4
BRDA:13,4,0,1
BRDA:13,4,1,4
BRDA:13,5,0,5
BRDA:13,5,1,4
BRDA:17,6,0,2
BRDA:17,6,1,3
BRDA:18,7,0,1
BRDA:18,7,1,2
BRDA:18,8,0,3
BRDA:18,8,1,2
BRF:18
BRH:18
end_of_record
TN:
SF:programa_listas_con_error/programa-listas en javascript.zip (Unzipped Files)/programa-listas en javascript/util.js
FN:1,(anonymous_0)
FN:6,(anonymous_1)
FN:14,(anonymous_2)
FNF:3
FNH:3
FNDA:3,(anonymous_0)
FNDA:1,(anonymous_1)
FNDA:4,(anonymous_2)
DA:1,1
DA:3,3
DA:6,1
DA:8,1
DA:9,1
DA:10,1
DA:11,1
DA:14,1
DA:16,4
DA:17,1
DA:19,3
DA:20,1
DA:22,2
DA:23,0
DA:25,2
LF:15
LH:14
BRDA:16,0,0,1
BRDA:16,0,1,3
BRDA:19,1,0,1
BRDA:19,1,1,2
BRDA:19,2,0,3
BRDA:19,2,1,2
BRDA:22,3,0,0
BRDA:22,3,1,2
BRDA:22,4,0,2
BRDA:22,4,1,1
BRF:10
BRH:9
end_of_record
